<?xml version="1.0" encoding="UTF-8"?>
<!-- Generated by org.testng.reporters.JUnitReportReporter -->
<testsuite hostname="shweta_lap" failures="0" tests="1" name="DemoAnnotationNG" time="0.013" errors="0" timestamp="2023-08-06T12:40:21 IST" skipped="0">
  <testcase classname="DemoAnnotationNG" name="tc1" time="0.013"/>
</testsuite> <!-- DemoAnnotationNG -->
