<?xml version="1.0" encoding="UTF-8"?>
<!-- Generated by org.testng.reporters.JUnitReportReporter -->
<testsuite hostname="shweta_lap" failures="0" tests="2" name="Sample_FileNG" time="0.014" errors="0" timestamp="2023-08-26T08:10:42 IST" skipped="0">
  <testcase classname="Sample_FileNG" name="tc1" time="0.010"/>
  <testcase classname="Sample_FileNG" name="tc3" time="0.004"/>
</testsuite> <!-- Sample_FileNG -->
