<?xml version="1.0" encoding="UTF-8"?>
<!-- Generated by org.testng.reporters.JUnitReportReporter -->
<testsuite hostname="shweta_lap" failures="0" tests="1" name="DemoNG" time="7.275" errors="0" timestamp="2023-08-06T12:32:23 IST" skipped="0">
  <testcase classname="DemoNG" name="tc1" time="7.275"/>
</testsuite> <!-- DemoNG -->
