<?xml version="1.0" encoding="UTF-8"?>
<!-- Generated by org.testng.reporters.JUnitReportReporter -->
<testsuite hostname="shweta_lap" failures="0" tests="3" name="SampleNGXML" time="0.044" errors="0" timestamp="2023-08-25T23:42:14 IST" skipped="0">
  <testcase classname="SampleNGXML" name="tc3" time="0.002"/>
  <testcase classname="SampleNGXML" name="tc2" time="0.002"/>
  <testcase classname="SampleNGXML" name="tc1" time="0.040"/>
</testsuite> <!-- SampleNGXML -->
