<?xml version="1.0" encoding="UTF-8"?>
<!-- Generated by org.testng.reporters.JUnitReportReporter -->
<testsuite hostname="shweta_lap" failures="0" tests="2" name="DataProviderNG" time="8.147" errors="0" timestamp="2023-08-25T21:37:33 IST" skipped="0">
  <testcase classname="DataProviderNG" name="tc1" time="2.660"/>
  <testcase classname="DataProviderNG" name="tc1" time="5.487"/>
</testsuite> <!-- DataProviderNG -->
